<?xml version="1.0" encoding="UTF-8"?>
<!-- Generated by org.testng.reporters.JUnitReportReporter -->
<testsuite skipped="0" hostname="Abhisheks-MacBook-Pro.local" name="com.ebay.qa.testset.HomePageTest" tests="12" failures="0" timestamp="03 Aug 2018 22:29:26 GMT" time="202.979" errors="0">
  <testcase name="ValidateUsernameDisplayTest" time="15.912" classname="com.ebay.qa.testset.HomePageTest"/>
  <testcase name="ValidateSavedLinkTextTest" time="18.725" classname="com.ebay.qa.testset.HomePageTest"/>
  <testcase name="ValidateFashionLinkTextTest" time="15.321" classname="com.ebay.qa.testset.HomePageTest"/>
  <testcase name="ValidateMotorsLinkTextTest" time="12.190" classname="com.ebay.qa.testset.HomePageTest"/>
  <testcase name="ValidateHomeGardenLinkTextTest" time="17.743" classname="com.ebay.qa.testset.HomePageTest"/>
  <testcase name="ValidateElectronicsLinkTextTest" time="19.720" classname="com.ebay.qa.testset.HomePageTest"/>
  <testcase name="ValidateSportsLinkTextTest" time="14.726" classname="com.ebay.qa.testset.HomePageTest"/>
  <testcase name="ValidateLiquorGroceryLinkTextTest" time="12.864" classname="com.ebay.qa.testset.HomePageTest"/>
  <testcase name="ValidateHealthBeautyLinkTextTest" time="14.416" classname="com.ebay.qa.testset.HomePageTest"/>
  <testcase name="ValidateToysMediaLinkTextTest" time="19.941" classname="com.ebay.qa.testset.HomePageTest"/>
  <testcase name="ValidateCollectablesLinkTextTest" time="25.268" classname="com.ebay.qa.testset.HomePageTest"/>
  <testcase name="ValidateDealsLinkTextTest" time="16.153" classname="com.ebay.qa.testset.HomePageTest"/>
</testsuite> <!-- com.ebay.qa.testset.HomePageTest -->
