<?xml version="1.0" encoding="UTF-8"?>
<!-- Generated by org.testng.reporters.JUnitReportReporter -->
<testsuite skipped="0" hostname="Abhisheks-MacBook-Pro.local" name="com.ebay.qa.testset.LoginPageTest" tests="2" failures="0" timestamp="03 Aug 2018 22:29:26 GMT" time="25.614" errors="0">
  <testcase name="LoginPageTitleTest" time="12.185" classname="com.ebay.qa.testset.LoginPageTest"/>
  <testcase name="HomePageDisplayTest" time="13.429" classname="com.ebay.qa.testset.LoginPageTest"/>
</testsuite> <!-- com.ebay.qa.testset.LoginPageTest -->
