<?xml version="1.0" encoding="UTF-8"?>
<!-- Generated by org.testng.reporters.JUnitReportReporter -->
<testsuite skipped="0" hostname="Abhisheks-MacBook-Pro.local" name="com.ebay.qa.testset.HomePageTest" tests="12" failures="0" timestamp="02 Aug 2018 23:25:11 GMT" time="188.872" errors="0">
  <testcase name="ValidateUsernameDisplayTest" time="9.356" classname="com.ebay.qa.testset.HomePageTest"/>
  <testcase name="ValidateSavedLinkTextTest" time="20.030" classname="com.ebay.qa.testset.HomePageTest"/>
  <testcase name="ValidateFashionLinkTextTest" time="8.890" classname="com.ebay.qa.testset.HomePageTest"/>
  <testcase name="ValidateMotorsLinkTextTest" time="9.521" classname="com.ebay.qa.testset.HomePageTest"/>
  <testcase name="ValidateHomeGardenLinkTextTest" time="18.859" classname="com.ebay.qa.testset.HomePageTest"/>
  <testcase name="ValidateElectronicsLinkTextTest" time="20.377" classname="com.ebay.qa.testset.HomePageTest"/>
  <testcase name="ValidateSportsLinkTextTest" time="19.324" classname="com.ebay.qa.testset.HomePageTest"/>
  <testcase name="ValidateLiquorGroceryLinkTextTest" time="10.590" classname="com.ebay.qa.testset.HomePageTest"/>
  <testcase name="ValidateHealthBeautyLinkTextTest" time="26.270" classname="com.ebay.qa.testset.HomePageTest"/>
  <testcase name="ValidateToysMediaLinkTextTest" time="10.593" classname="com.ebay.qa.testset.HomePageTest"/>
  <testcase name="ValidateCollectablesLinkTextTest" time="8.476" classname="com.ebay.qa.testset.HomePageTest"/>
  <testcase name="ValidateDealsLinkTextTest" time="26.586" classname="com.ebay.qa.testset.HomePageTest"/>
</testsuite> <!-- com.ebay.qa.testset.HomePageTest -->
