<?xml version="1.0" encoding="UTF-8"?>
<!-- Generated by org.testng.reporters.JUnitReportReporter -->
<testsuite skipped="0" hostname="Abhisheks-MacBook-Pro.local" name="com.ebay.qa.testset.LoginPageTest" tests="2" failures="0" timestamp="03 Aug 2018 09:58:30 GMT" time="38.710" errors="0">
  <testcase name="LoginPageTitleTest" time="5.583" classname="com.ebay.qa.testset.LoginPageTest"/>
  <testcase name="HomePageDisplayTest" time="33.127" classname="com.ebay.qa.testset.LoginPageTest"/>
</testsuite> <!-- com.ebay.qa.testset.LoginPageTest -->
