<?xml version="1.0" encoding="UTF-8"?>
<!-- Generated by org.testng.reporters.JUnitReportReporter -->
<testsuite skipped="0" hostname="Abhisheks-MacBook-Pro.local" name="com.ebay.qa.testset.HomePageTest" tests="12" failures="0" timestamp="03 Aug 2018 10:11:03 GMT" time="267.333" errors="0">
  <testcase name="ValidateUsernameDisplayTest" time="16.075" classname="com.ebay.qa.testset.HomePageTest"/>
  <testcase name="ValidateSavedLinkTextTest" time="20.921" classname="com.ebay.qa.testset.HomePageTest"/>
  <testcase name="ValidateFashionLinkTextTest" time="48.959" classname="com.ebay.qa.testset.HomePageTest"/>
  <testcase name="ValidateMotorsLinkTextTest" time="18.773" classname="com.ebay.qa.testset.HomePageTest"/>
  <testcase name="ValidateHomeGardenLinkTextTest" time="25.749" classname="com.ebay.qa.testset.HomePageTest"/>
  <testcase name="ValidateElectronicsLinkTextTest" time="15.529" classname="com.ebay.qa.testset.HomePageTest"/>
  <testcase name="ValidateSportsLinkTextTest" time="14.672" classname="com.ebay.qa.testset.HomePageTest"/>
  <testcase name="ValidateLiquorGroceryLinkTextTest" time="20.947" classname="com.ebay.qa.testset.HomePageTest"/>
  <testcase name="ValidateHealthBeautyLinkTextTest" time="12.792" classname="com.ebay.qa.testset.HomePageTest"/>
  <testcase name="ValidateToysMediaLinkTextTest" time="18.950" classname="com.ebay.qa.testset.HomePageTest"/>
  <testcase name="ValidateCollectablesLinkTextTest" time="16.547" classname="com.ebay.qa.testset.HomePageTest"/>
  <testcase name="ValidateDealsLinkTextTest" time="37.419" classname="com.ebay.qa.testset.HomePageTest"/>
</testsuite> <!-- com.ebay.qa.testset.HomePageTest -->
