<?xml version="1.0" encoding="UTF-8"?>
<!-- Generated by org.testng.reporters.JUnitReportReporter -->
<testsuite skipped="0" hostname="Abhisheks-MacBook-Pro.local" name="com.ebay.qa.testset.LoginPageTest" tests="1" failures="0" timestamp="04 Aug 2018 00:59:55 GMT" time="3.381" errors="0">
  <testcase name="LoginPageTitleTest" time="3.381" classname="com.ebay.qa.testset.LoginPageTest"/>
</testsuite> <!-- com.ebay.qa.testset.LoginPageTest -->
